<?xml version="1.0" encoding="UTF-8"?>
<testsuite name="ProxyTest" tests="1" skipped="0" failures="0" errors="0" timestamp="2024-05-12T01:58:41" hostname="MacBook-Pro.local" time="0.01">
  <properties/>
  <testcase name="test()" classname="ProxyTest" time="0.01"/>
  <system-out><![CDATA[before
HI
after
]]></system-out>
  <system-err><![CDATA[]]></system-err>
</testsuite>
